<?xml version="1.0" encoding="UTF-8"?>
<testsuite xmlns:xsi="http://www.w3.org/2001/XMLSchema-instance" xsi:noNamespaceSchemaLocation="https://maven.apache.org/surefire/maven-surefire-plugin/xsd/surefire-test-report-3.0.xsd" version="3.0" name="com.freelancer.portal.performance.DatabasePerformanceTest" time="35.946" tests="5" errors="0" skipped="0" failures="0">
  <properties>
    <property name="java.specification.version" value="21"/>
    <property name="sun.cpu.isalist" value="amd64"/>
    <property name="sun.jnu.encoding" value="Cp1252"/>
    <property name="java.class.path" value="C:\Users\meehd\OneDrive\Bureau\project idea saas trae\target\test-classes;C:\Users\meehd\OneDrive\Bureau\project idea saas trae\target\classes;C:\Users\meehd\.m2\repository\org\springframework\boot\spring-boot-starter-data-jpa\3.2.3\spring-boot-starter-data-jpa-3.2.3.jar;C:\Users\meehd\.m2\repository\org\springframework\boot\spring-boot-starter-aop\3.2.3\spring-boot-starter-aop-3.2.3.jar;C:\Users\meehd\.m2\repository\org\aspectj\aspectjweaver\1.9.21\aspectjweaver-1.9.21.jar;C:\Users\meehd\.m2\repository\org\springframework\boot\spring-boot-starter-jdbc\3.2.3\spring-boot-starter-jdbc-3.2.3.jar;C:\Users\meehd\.m2\repository\com\zaxxer\HikariCP\5.0.1\HikariCP-5.0.1.jar;C:\Users\meehd\.m2\repository\org\springframework\spring-jdbc\6.1.4\spring-jdbc-6.1.4.jar;C:\Users\meehd\.m2\repository\org\hibernate\orm\hibernate-core\6.4.4.Final\hibernate-core-6.4.4.Final.jar;C:\Users\meehd\.m2\repository\jakarta\persistence\jakarta.persistence-api\3.1.0\jakarta.persistence-api-3.1.0.jar;C:\Users\meehd\.m2\repository\jakarta\transaction\jakarta.transaction-api\2.0.1\jakarta.transaction-api-2.0.1.jar;C:\Users\meehd\.m2\repository\org\hibernate\common\hibernate-commons-annotations\6.0.6.Final\hibernate-commons-annotations-6.0.6.Final.jar;C:\Users\meehd\.m2\repository\io\smallrye\jandex\3.1.2\jandex-3.1.2.jar;C:\Users\meehd\.m2\repository\com\fasterxml\classmate\1.6.0\classmate-1.6.0.jar;C:\Users\meehd\.m2\repository\net\bytebuddy\byte-buddy\1.14.12\byte-buddy-1.14.12.jar;C:\Users\meehd\.m2\repository\jakarta\inject\jakarta.inject-api\2.0.1\jakarta.inject-api-2.0.1.jar;C:\Users\meehd\.m2\repository\org\antlr\antlr4-runtime\4.13.0\antlr4-runtime-4.13.0.jar;C:\Users\meehd\.m2\repository\org\springframework\data\spring-data-jpa\3.2.3\spring-data-jpa-3.2.3.jar;C:\Users\meehd\.m2\repository\org\springframework\data\spring-data-commons\3.2.3\spring-data-commons-3.2.3.jar;C:\Users\meehd\.m2\repository\org\springframework\spring-orm\6.1.4\spring-orm-6.1.4.jar;C:\Users\meehd\.m2\repository\org\springframework\spring-context\6.1.4\spring-context-6.1.4.jar;C:\Users\meehd\.m2\repository\org\springframework\spring-tx\6.1.4\spring-tx-6.1.4.jar;C:\Users\meehd\.m2\repository\org\springframework\spring-beans\6.1.4\spring-beans-6.1.4.jar;C:\Users\meehd\.m2\repository\jakarta\annotation\jakarta.annotation-api\2.1.1\jakarta.annotation-api-2.1.1.jar;C:\Users\meehd\.m2\repository\org\springframework\spring-aspects\6.1.4\spring-aspects-6.1.4.jar;C:\Users\meehd\.m2\repository\org\springframework\boot\spring-boot-starter-security\3.2.3\spring-boot-starter-security-3.2.3.jar;C:\Users\meehd\.m2\repository\org\springframework\boot\spring-boot-starter\3.2.3\spring-boot-starter-3.2.3.jar;C:\Users\meehd\.m2\repository\org\springframework\boot\spring-boot\3.2.3\spring-boot-3.2.3.jar;C:\Users\meehd\.m2\repository\org\springframework\boot\spring-boot-autoconfigure\3.2.3\spring-boot-autoconfigure-3.2.3.jar;C:\Users\meehd\.m2\repository\org\springframework\boot\spring-boot-starter-logging\3.2.3\spring-boot-starter-logging-3.2.3.jar;C:\Users\meehd\.m2\repository\ch\qos\logback\logback-classic\1.4.14\logback-classic-1.4.14.jar;C:\Users\meehd\.m2\repository\ch\qos\logback\logback-core\1.4.14\logback-core-1.4.14.jar;C:\Users\meehd\.m2\repository\org\apache\logging\log4j\log4j-to-slf4j\2.21.1\log4j-to-slf4j-2.21.1.jar;C:\Users\meehd\.m2\repository\org\apache\logging\log4j\log4j-api\2.21.1\log4j-api-2.21.1.jar;C:\Users\meehd\.m2\repository\org\slf4j\jul-to-slf4j\2.0.12\jul-to-slf4j-2.0.12.jar;C:\Users\meehd\.m2\repository\org\yaml\snakeyaml\2.2\snakeyaml-2.2.jar;C:\Users\meehd\.m2\repository\org\springframework\spring-aop\6.1.4\spring-aop-6.1.4.jar;C:\Users\meehd\.m2\repository\org\springframework\security\spring-security-config\6.2.2\spring-security-config-6.2.2.jar;C:\Users\meehd\.m2\repository\org\springframework\security\spring-security-web\6.2.2\spring-security-web-6.2.2.jar;C:\Users\meehd\.m2\repository\org\springframework\spring-expression\6.1.4\spring-expression-6.1.4.jar;C:\Users\meehd\.m2\repository\org\springframework\boot\spring-boot-starter-validation\3.2.3\spring-boot-starter-validation-3.2.3.jar;C:\Users\meehd\.m2\repository\org\apache\tomcat\embed\tomcat-embed-el\10.1.19\tomcat-embed-el-10.1.19.jar;C:\Users\meehd\.m2\repository\org\hibernate\validator\hibernate-validator\8.0.1.Final\hibernate-validator-8.0.1.Final.jar;C:\Users\meehd\.m2\repository\jakarta\validation\jakarta.validation-api\3.0.2\jakarta.validation-api-3.0.2.jar;C:\Users\meehd\.m2\repository\org\springframework\boot\spring-boot-starter-web\3.2.3\spring-boot-starter-web-3.2.3.jar;C:\Users\meehd\.m2\repository\org\springframework\boot\spring-boot-starter-json\3.2.3\spring-boot-starter-json-3.2.3.jar;C:\Users\meehd\.m2\repository\com\fasterxml\jackson\datatype\jackson-datatype-jdk8\2.15.4\jackson-datatype-jdk8-2.15.4.jar;C:\Users\meehd\.m2\repository\com\fasterxml\jackson\datatype\jackson-datatype-jsr310\2.15.4\jackson-datatype-jsr310-2.15.4.jar;C:\Users\meehd\.m2\repository\com\fasterxml\jackson\module\jackson-module-parameter-names\2.15.4\jackson-module-parameter-names-2.15.4.jar;C:\Users\meehd\.m2\repository\org\springframework\boot\spring-boot-starter-tomcat\3.2.3\spring-boot-starter-tomcat-3.2.3.jar;C:\Users\meehd\.m2\repository\org\apache\tomcat\embed\tomcat-embed-core\10.1.19\tomcat-embed-core-10.1.19.jar;C:\Users\meehd\.m2\repository\org\apache\tomcat\embed\tomcat-embed-websocket\10.1.19\tomcat-embed-websocket-10.1.19.jar;C:\Users\meehd\.m2\repository\org\springframework\spring-web\6.1.4\spring-web-6.1.4.jar;C:\Users\meehd\.m2\repository\org\springframework\spring-webmvc\6.1.4\spring-webmvc-6.1.4.jar;C:\Users\meehd\.m2\repository\net\logstash\logback\logstash-logback-encoder\7.4\logstash-logback-encoder-7.4.jar;C:\Users\meehd\.m2\repository\com\fasterxml\jackson\core\jackson-databind\2.15.4\jackson-databind-2.15.4.jar;C:\Users\meehd\.m2\repository\com\fasterxml\jackson\core\jackson-annotations\2.15.4\jackson-annotations-2.15.4.jar;C:\Users\meehd\.m2\repository\com\fasterxml\jackson\core\jackson-core\2.15.4\jackson-core-2.15.4.jar;C:\Users\meehd\.m2\repository\io\micrometer\micrometer-tracing-bridge-brave\1.2.3\micrometer-tracing-bridge-brave-1.2.3.jar;C:\Users\meehd\.m2\repository\io\micrometer\micrometer-tracing\1.2.3\micrometer-tracing-1.2.3.jar;C:\Users\meehd\.m2\repository\io\micrometer\context-propagation\1.1.1\context-propagation-1.1.1.jar;C:\Users\meehd\.m2\repository\aopalliance\aopalliance\1.0\aopalliance-1.0.jar;C:\Users\meehd\.m2\repository\org\slf4j\slf4j-api\2.0.12\slf4j-api-2.0.12.jar;C:\Users\meehd\.m2\repository\io\zipkin\brave\brave\5.16.0\brave-5.16.0.jar;C:\Users\meehd\.m2\repository\io\zipkin\brave\brave-context-slf4j\5.16.0\brave-context-slf4j-5.16.0.jar;C:\Users\meehd\.m2\repository\io\zipkin\brave\brave-instrumentation-http\5.16.0\brave-instrumentation-http-5.16.0.jar;C:\Users\meehd\.m2\repository\io\zipkin\aws\brave-propagation-aws\0.23.5\brave-propagation-aws-0.23.5.jar;C:\Users\meehd\.m2\repository\io\zipkin\reporter2\zipkin-reporter-brave\2.16.3\zipkin-reporter-brave-2.16.3.jar;C:\Users\meehd\.m2\repository\io\zipkin\reporter2\zipkin-reporter\2.16.3\zipkin-reporter-2.16.3.jar;C:\Users\meehd\.m2\repository\io\zipkin\zipkin2\zipkin\2.23.2\zipkin-2.23.2.jar;C:\Users\meehd\.m2\repository\org\springframework\data\spring-data-envers\3.2.3\spring-data-envers-3.2.3.jar;C:\Users\meehd\.m2\repository\org\hibernate\orm\hibernate-envers\6.4.4.Final\hibernate-envers-6.4.4.Final.jar;C:\Users\meehd\.m2\repository\com\mysql\mysql-connector-j\8.3.0\mysql-connector-j-8.3.0.jar;C:\Users\meehd\.m2\repository\org\projectlombok\lombok\1.18.30\lombok-1.18.30.jar;C:\Users\meehd\.m2\repository\io\jsonwebtoken\jjwt-api\0.11.5\jjwt-api-0.11.5.jar;C:\Users\meehd\.m2\repository\io\jsonwebtoken\jjwt-impl\0.11.5\jjwt-impl-0.11.5.jar;C:\Users\meehd\.m2\repository\io\jsonwebtoken\jjwt-jackson\0.11.5\jjwt-jackson-0.11.5.jar;C:\Users\meehd\.m2\repository\org\springframework\boot\spring-boot-starter-test\3.2.3\spring-boot-starter-test-3.2.3.jar;C:\Users\meehd\.m2\repository\org\springframework\boot\spring-boot-test\3.2.3\spring-boot-test-3.2.3.jar;C:\Users\meehd\.m2\repository\org\springframework\boot\spring-boot-test-autoconfigure\3.2.3\spring-boot-test-autoconfigure-3.2.3.jar;C:\Users\meehd\.m2\repository\com\jayway\jsonpath\json-path\2.9.0\json-path-2.9.0.jar;C:\Users\meehd\.m2\repository\jakarta\xml\bind\jakarta.xml.bind-api\4.0.1\jakarta.xml.bind-api-4.0.1.jar;C:\Users\meehd\.m2\repository\jakarta\activation\jakarta.activation-api\2.1.2\jakarta.activation-api-2.1.2.jar;C:\Users\meehd\.m2\repository\net\minidev\json-smart\2.5.0\json-smart-2.5.0.jar;C:\Users\meehd\.m2\repository\net\minidev\accessors-smart\2.5.0\accessors-smart-2.5.0.jar;C:\Users\meehd\.m2\repository\org\ow2\asm\asm\9.3\asm-9.3.jar;C:\Users\meehd\.m2\repository\org\assertj\assertj-core\3.24.2\assertj-core-3.24.2.jar;C:\Users\meehd\.m2\repository\org\awaitility\awaitility\4.2.0\awaitility-4.2.0.jar;C:\Users\meehd\.m2\repository\org\hamcrest\hamcrest\2.2\hamcrest-2.2.jar;C:\Users\meehd\.m2\repository\org\junit\jupiter\junit-jupiter\5.10.2\junit-jupiter-5.10.2.jar;C:\Users\meehd\.m2\repository\org\junit\jupiter\junit-jupiter-api\5.10.2\junit-jupiter-api-5.10.2.jar;C:\Users\meehd\.m2\repository\org\opentest4j\opentest4j\1.3.0\opentest4j-1.3.0.jar;C:\Users\meehd\.m2\repository\org\junit\platform\junit-platform-commons\1.10.2\junit-platform-commons-1.10.2.jar;C:\Users\meehd\.m2\repository\org\apiguardian\apiguardian-api\1.1.2\apiguardian-api-1.1.2.jar;C:\Users\meehd\.m2\repository\org\junit\jupiter\junit-jupiter-params\5.10.2\junit-jupiter-params-5.10.2.jar;C:\Users\meehd\.m2\repository\org\junit\jupiter\junit-jupiter-engine\5.10.2\junit-jupiter-engine-5.10.2.jar;C:\Users\meehd\.m2\repository\org\junit\platform\junit-platform-engine\1.10.2\junit-platform-engine-1.10.2.jar;C:\Users\meehd\.m2\repository\org\mockito\mockito-core\5.7.0\mockito-core-5.7.0.jar;C:\Users\meehd\.m2\repository\net\bytebuddy\byte-buddy-agent\1.14.12\byte-buddy-agent-1.14.12.jar;C:\Users\meehd\.m2\repository\org\objenesis\objenesis\3.3\objenesis-3.3.jar;C:\Users\meehd\.m2\repository\org\mockito\mockito-junit-jupiter\5.7.0\mockito-junit-jupiter-5.7.0.jar;C:\Users\meehd\.m2\repository\org\skyscreamer\jsonassert\1.5.1\jsonassert-1.5.1.jar;C:\Users\meehd\.m2\repository\com\vaadin\external\google\android-json\0.0.20131108.vaadin1\android-json-0.0.20131108.vaadin1.jar;C:\Users\meehd\.m2\repository\org\springframework\spring-core\6.1.4\spring-core-6.1.4.jar;C:\Users\meehd\.m2\repository\org\springframework\spring-jcl\6.1.4\spring-jcl-6.1.4.jar;C:\Users\meehd\.m2\repository\org\springframework\spring-test\6.1.4\spring-test-6.1.4.jar;C:\Users\meehd\.m2\repository\org\xmlunit\xmlunit-core\2.9.1\xmlunit-core-2.9.1.jar;C:\Users\meehd\.m2\repository\org\springframework\security\spring-security-test\6.2.2\spring-security-test-6.2.2.jar;C:\Users\meehd\.m2\repository\org\springframework\security\spring-security-core\6.2.2\spring-security-core-6.2.2.jar;C:\Users\meehd\.m2\repository\org\springframework\security\spring-security-crypto\6.2.2\spring-security-crypto-6.2.2.jar;C:\Users\meehd\.m2\repository\org\springframework\boot\spring-boot-starter-websocket\3.2.3\spring-boot-starter-websocket-3.2.3.jar;C:\Users\meehd\.m2\repository\org\springframework\spring-messaging\6.1.4\spring-messaging-6.1.4.jar;C:\Users\meehd\.m2\repository\org\springframework\spring-websocket\6.1.4\spring-websocket-6.1.4.jar;C:\Users\meehd\.m2\repository\p6spy\p6spy\3.9.1\p6spy-3.9.1.jar;C:\Users\meehd\.m2\repository\org\springframework\boot\spring-boot-starter-actuator\3.2.3\spring-boot-starter-actuator-3.2.3.jar;C:\Users\meehd\.m2\repository\org\springframework\boot\spring-boot-actuator-autoconfigure\3.2.3\spring-boot-actuator-autoconfigure-3.2.3.jar;C:\Users\meehd\.m2\repository\org\springframework\boot\spring-boot-actuator\3.2.3\spring-boot-actuator-3.2.3.jar;C:\Users\meehd\.m2\repository\io\micrometer\micrometer-observation\1.12.3\micrometer-observation-1.12.3.jar;C:\Users\meehd\.m2\repository\io\micrometer\micrometer-commons\1.12.3\micrometer-commons-1.12.3.jar;C:\Users\meehd\.m2\repository\io\micrometer\micrometer-jakarta9\1.12.3\micrometer-jakarta9-1.12.3.jar;C:\Users\meehd\.m2\repository\io\micrometer\micrometer-registry-prometheus\1.12.3\micrometer-registry-prometheus-1.12.3.jar;C:\Users\meehd\.m2\repository\io\micrometer\micrometer-core\1.12.3\micrometer-core-1.12.3.jar;C:\Users\meehd\.m2\repository\org\hdrhistogram\HdrHistogram\2.1.12\HdrHistogram-2.1.12.jar;C:\Users\meehd\.m2\repository\org\latencyutils\LatencyUtils\2.0.3\LatencyUtils-2.0.3.jar;C:\Users\meehd\.m2\repository\io\prometheus\simpleclient_common\0.16.0\simpleclient_common-0.16.0.jar;C:\Users\meehd\.m2\repository\io\prometheus\simpleclient\0.16.0\simpleclient-0.16.0.jar;C:\Users\meehd\.m2\repository\io\prometheus\simpleclient_tracer_otel\0.16.0\simpleclient_tracer_otel-0.16.0.jar;C:\Users\meehd\.m2\repository\io\prometheus\simpleclient_tracer_common\0.16.0\simpleclient_tracer_common-0.16.0.jar;C:\Users\meehd\.m2\repository\io\prometheus\simpleclient_tracer_otel_agent\0.16.0\simpleclient_tracer_otel_agent-0.16.0.jar;C:\Users\meehd\.m2\repository\org\hibernate\orm\hibernate-jcache\6.4.4.Final\hibernate-jcache-6.4.4.Final.jar;C:\Users\meehd\.m2\repository\javax\cache\cache-api\1.1.1\cache-api-1.1.1.jar;C:\Users\meehd\.m2\repository\org\jboss\logging\jboss-logging\3.5.3.Final\jboss-logging-3.5.3.Final.jar;C:\Users\meehd\.m2\repository\org\ehcache\ehcache\3.10.8\ehcache-3.10.8-jakarta.jar;C:\Users\meehd\.m2\repository\org\glassfish\jaxb\jaxb-runtime\4.0.4\jaxb-runtime-4.0.4.jar;C:\Users\meehd\.m2\repository\org\glassfish\jaxb\jaxb-core\4.0.4\jaxb-core-4.0.4.jar;C:\Users\meehd\.m2\repository\org\eclipse\angus\angus-activation\2.0.1\angus-activation-2.0.1.jar;C:\Users\meehd\.m2\repository\org\glassfish\jaxb\txw2\4.0.4\txw2-4.0.4.jar;C:\Users\meehd\.m2\repository\com\sun\istack\istack-commons-runtime\4.1.2\istack-commons-runtime-4.1.2.jar;"/>
    <property name="LOGBACK_ROLLINGPOLICY_MAX_FILE_SIZE" value="10485760"/>
    <property name="java.vm.vendor" value="Oracle Corporation"/>
    <property name="sun.arch.data.model" value="64"/>
    <property name="user.variant" value=""/>
    <property name="java.vendor.url" value="https://java.oracle.com/"/>
    <property name="user.timezone" value="Africa/Casablanca"/>
    <property name="org.jboss.logging.provider" value="slf4j"/>
    <property name="os.name" value="Windows 11"/>
    <property name="java.vm.specification.version" value="21"/>
    <property name="sun.java.launcher" value="SUN_STANDARD"/>
    <property name="user.country" value="US"/>
    <property name="sun.boot.library.path" value="C:\Users\meehd\.jdks\graalvm-jdk-21.0.6\bin"/>
    <property name="sun.java.command" value="C:\Users\meehd\AppData\Local\Temp\surefire3716021654043569847\surefirebooter-20250504192600732_3.jar C:\Users\meehd\AppData\Local\Temp\surefire3716021654043569847 2025-05-04T19-25-53_447-jvmRun1 surefire-20250504192600732_1tmp surefire_0-20250504192600732_2tmp"/>
    <property name="jdk.debug" value="release"/>
    <property name="surefire.test.class.path" value="C:\Users\meehd\OneDrive\Bureau\project idea saas trae\target\test-classes;C:\Users\meehd\OneDrive\Bureau\project idea saas trae\target\classes;C:\Users\meehd\.m2\repository\org\springframework\boot\spring-boot-starter-data-jpa\3.2.3\spring-boot-starter-data-jpa-3.2.3.jar;C:\Users\meehd\.m2\repository\org\springframework\boot\spring-boot-starter-aop\3.2.3\spring-boot-starter-aop-3.2.3.jar;C:\Users\meehd\.m2\repository\org\aspectj\aspectjweaver\1.9.21\aspectjweaver-1.9.21.jar;C:\Users\meehd\.m2\repository\org\springframework\boot\spring-boot-starter-jdbc\3.2.3\spring-boot-starter-jdbc-3.2.3.jar;C:\Users\meehd\.m2\repository\com\zaxxer\HikariCP\5.0.1\HikariCP-5.0.1.jar;C:\Users\meehd\.m2\repository\org\springframework\spring-jdbc\6.1.4\spring-jdbc-6.1.4.jar;C:\Users\meehd\.m2\repository\org\hibernate\orm\hibernate-core\6.4.4.Final\hibernate-core-6.4.4.Final.jar;C:\Users\meehd\.m2\repository\jakarta\persistence\jakarta.persistence-api\3.1.0\jakarta.persistence-api-3.1.0.jar;C:\Users\meehd\.m2\repository\jakarta\transaction\jakarta.transaction-api\2.0.1\jakarta.transaction-api-2.0.1.jar;C:\Users\meehd\.m2\repository\org\hibernate\common\hibernate-commons-annotations\6.0.6.Final\hibernate-commons-annotations-6.0.6.Final.jar;C:\Users\meehd\.m2\repository\io\smallrye\jandex\3.1.2\jandex-3.1.2.jar;C:\Users\meehd\.m2\repository\com\fasterxml\classmate\1.6.0\classmate-1.6.0.jar;C:\Users\meehd\.m2\repository\net\bytebuddy\byte-buddy\1.14.12\byte-buddy-1.14.12.jar;C:\Users\meehd\.m2\repository\jakarta\inject\jakarta.inject-api\2.0.1\jakarta.inject-api-2.0.1.jar;C:\Users\meehd\.m2\repository\org\antlr\antlr4-runtime\4.13.0\antlr4-runtime-4.13.0.jar;C:\Users\meehd\.m2\repository\org\springframework\data\spring-data-jpa\3.2.3\spring-data-jpa-3.2.3.jar;C:\Users\meehd\.m2\repository\org\springframework\data\spring-data-commons\3.2.3\spring-data-commons-3.2.3.jar;C:\Users\meehd\.m2\repository\org\springframework\spring-orm\6.1.4\spring-orm-6.1.4.jar;C:\Users\meehd\.m2\repository\org\springframework\spring-context\6.1.4\spring-context-6.1.4.jar;C:\Users\meehd\.m2\repository\org\springframework\spring-tx\6.1.4\spring-tx-6.1.4.jar;C:\Users\meehd\.m2\repository\org\springframework\spring-beans\6.1.4\spring-beans-6.1.4.jar;C:\Users\meehd\.m2\repository\jakarta\annotation\jakarta.annotation-api\2.1.1\jakarta.annotation-api-2.1.1.jar;C:\Users\meehd\.m2\repository\org\springframework\spring-aspects\6.1.4\spring-aspects-6.1.4.jar;C:\Users\meehd\.m2\repository\org\springframework\boot\spring-boot-starter-security\3.2.3\spring-boot-starter-security-3.2.3.jar;C:\Users\meehd\.m2\repository\org\springframework\boot\spring-boot-starter\3.2.3\spring-boot-starter-3.2.3.jar;C:\Users\meehd\.m2\repository\org\springframework\boot\spring-boot\3.2.3\spring-boot-3.2.3.jar;C:\Users\meehd\.m2\repository\org\springframework\boot\spring-boot-autoconfigure\3.2.3\spring-boot-autoconfigure-3.2.3.jar;C:\Users\meehd\.m2\repository\org\springframework\boot\spring-boot-starter-logging\3.2.3\spring-boot-starter-logging-3.2.3.jar;C:\Users\meehd\.m2\repository\ch\qos\logback\logback-classic\1.4.14\logback-classic-1.4.14.jar;C:\Users\meehd\.m2\repository\ch\qos\logback\logback-core\1.4.14\logback-core-1.4.14.jar;C:\Users\meehd\.m2\repository\org\apache\logging\log4j\log4j-to-slf4j\2.21.1\log4j-to-slf4j-2.21.1.jar;C:\Users\meehd\.m2\repository\org\apache\logging\log4j\log4j-api\2.21.1\log4j-api-2.21.1.jar;C:\Users\meehd\.m2\repository\org\slf4j\jul-to-slf4j\2.0.12\jul-to-slf4j-2.0.12.jar;C:\Users\meehd\.m2\repository\org\yaml\snakeyaml\2.2\snakeyaml-2.2.jar;C:\Users\meehd\.m2\repository\org\springframework\spring-aop\6.1.4\spring-aop-6.1.4.jar;C:\Users\meehd\.m2\repository\org\springframework\security\spring-security-config\6.2.2\spring-security-config-6.2.2.jar;C:\Users\meehd\.m2\repository\org\springframework\security\spring-security-web\6.2.2\spring-security-web-6.2.2.jar;C:\Users\meehd\.m2\repository\org\springframework\spring-expression\6.1.4\spring-expression-6.1.4.jar;C:\Users\meehd\.m2\repository\org\springframework\boot\spring-boot-starter-validation\3.2.3\spring-boot-starter-validation-3.2.3.jar;C:\Users\meehd\.m2\repository\org\apache\tomcat\embed\tomcat-embed-el\10.1.19\tomcat-embed-el-10.1.19.jar;C:\Users\meehd\.m2\repository\org\hibernate\validator\hibernate-validator\8.0.1.Final\hibernate-validator-8.0.1.Final.jar;C:\Users\meehd\.m2\repository\jakarta\validation\jakarta.validation-api\3.0.2\jakarta.validation-api-3.0.2.jar;C:\Users\meehd\.m2\repository\org\springframework\boot\spring-boot-starter-web\3.2.3\spring-boot-starter-web-3.2.3.jar;C:\Users\meehd\.m2\repository\org\springframework\boot\spring-boot-starter-json\3.2.3\spring-boot-starter-json-3.2.3.jar;C:\Users\meehd\.m2\repository\com\fasterxml\jackson\datatype\jackson-datatype-jdk8\2.15.4\jackson-datatype-jdk8-2.15.4.jar;C:\Users\meehd\.m2\repository\com\fasterxml\jackson\datatype\jackson-datatype-jsr310\2.15.4\jackson-datatype-jsr310-2.15.4.jar;C:\Users\meehd\.m2\repository\com\fasterxml\jackson\module\jackson-module-parameter-names\2.15.4\jackson-module-parameter-names-2.15.4.jar;C:\Users\meehd\.m2\repository\org\springframework\boot\spring-boot-starter-tomcat\3.2.3\spring-boot-starter-tomcat-3.2.3.jar;C:\Users\meehd\.m2\repository\org\apache\tomcat\embed\tomcat-embed-core\10.1.19\tomcat-embed-core-10.1.19.jar;C:\Users\meehd\.m2\repository\org\apache\tomcat\embed\tomcat-embed-websocket\10.1.19\tomcat-embed-websocket-10.1.19.jar;C:\Users\meehd\.m2\repository\org\springframework\spring-web\6.1.4\spring-web-6.1.4.jar;C:\Users\meehd\.m2\repository\org\springframework\spring-webmvc\6.1.4\spring-webmvc-6.1.4.jar;C:\Users\meehd\.m2\repository\net\logstash\logback\logstash-logback-encoder\7.4\logstash-logback-encoder-7.4.jar;C:\Users\meehd\.m2\repository\com\fasterxml\jackson\core\jackson-databind\2.15.4\jackson-databind-2.15.4.jar;C:\Users\meehd\.m2\repository\com\fasterxml\jackson\core\jackson-annotations\2.15.4\jackson-annotations-2.15.4.jar;C:\Users\meehd\.m2\repository\com\fasterxml\jackson\core\jackson-core\2.15.4\jackson-core-2.15.4.jar;C:\Users\meehd\.m2\repository\io\micrometer\micrometer-tracing-bridge-brave\1.2.3\micrometer-tracing-bridge-brave-1.2.3.jar;C:\Users\meehd\.m2\repository\io\micrometer\micrometer-tracing\1.2.3\micrometer-tracing-1.2.3.jar;C:\Users\meehd\.m2\repository\io\micrometer\context-propagation\1.1.1\context-propagation-1.1.1.jar;C:\Users\meehd\.m2\repository\aopalliance\aopalliance\1.0\aopalliance-1.0.jar;C:\Users\meehd\.m2\repository\org\slf4j\slf4j-api\2.0.12\slf4j-api-2.0.12.jar;C:\Users\meehd\.m2\repository\io\zipkin\brave\brave\5.16.0\brave-5.16.0.jar;C:\Users\meehd\.m2\repository\io\zipkin\brave\brave-context-slf4j\5.16.0\brave-context-slf4j-5.16.0.jar;C:\Users\meehd\.m2\repository\io\zipkin\brave\brave-instrumentation-http\5.16.0\brave-instrumentation-http-5.16.0.jar;C:\Users\meehd\.m2\repository\io\zipkin\aws\brave-propagation-aws\0.23.5\brave-propagation-aws-0.23.5.jar;C:\Users\meehd\.m2\repository\io\zipkin\reporter2\zipkin-reporter-brave\2.16.3\zipkin-reporter-brave-2.16.3.jar;C:\Users\meehd\.m2\repository\io\zipkin\reporter2\zipkin-reporter\2.16.3\zipkin-reporter-2.16.3.jar;C:\Users\meehd\.m2\repository\io\zipkin\zipkin2\zipkin\2.23.2\zipkin-2.23.2.jar;C:\Users\meehd\.m2\repository\org\springframework\data\spring-data-envers\3.2.3\spring-data-envers-3.2.3.jar;C:\Users\meehd\.m2\repository\org\hibernate\orm\hibernate-envers\6.4.4.Final\hibernate-envers-6.4.4.Final.jar;C:\Users\meehd\.m2\repository\com\mysql\mysql-connector-j\8.3.0\mysql-connector-j-8.3.0.jar;C:\Users\meehd\.m2\repository\org\projectlombok\lombok\1.18.30\lombok-1.18.30.jar;C:\Users\meehd\.m2\repository\io\jsonwebtoken\jjwt-api\0.11.5\jjwt-api-0.11.5.jar;C:\Users\meehd\.m2\repository\io\jsonwebtoken\jjwt-impl\0.11.5\jjwt-impl-0.11.5.jar;C:\Users\meehd\.m2\repository\io\jsonwebtoken\jjwt-jackson\0.11.5\jjwt-jackson-0.11.5.jar;C:\Users\meehd\.m2\repository\org\springframework\boot\spring-boot-starter-test\3.2.3\spring-boot-starter-test-3.2.3.jar;C:\Users\meehd\.m2\repository\org\springframework\boot\spring-boot-test\3.2.3\spring-boot-test-3.2.3.jar;C:\Users\meehd\.m2\repository\org\springframework\boot\spring-boot-test-autoconfigure\3.2.3\spring-boot-test-autoconfigure-3.2.3.jar;C:\Users\meehd\.m2\repository\com\jayway\jsonpath\json-path\2.9.0\json-path-2.9.0.jar;C:\Users\meehd\.m2\repository\jakarta\xml\bind\jakarta.xml.bind-api\4.0.1\jakarta.xml.bind-api-4.0.1.jar;C:\Users\meehd\.m2\repository\jakarta\activation\jakarta.activation-api\2.1.2\jakarta.activation-api-2.1.2.jar;C:\Users\meehd\.m2\repository\net\minidev\json-smart\2.5.0\json-smart-2.5.0.jar;C:\Users\meehd\.m2\repository\net\minidev\accessors-smart\2.5.0\accessors-smart-2.5.0.jar;C:\Users\meehd\.m2\repository\org\ow2\asm\asm\9.3\asm-9.3.jar;C:\Users\meehd\.m2\repository\org\assertj\assertj-core\3.24.2\assertj-core-3.24.2.jar;C:\Users\meehd\.m2\repository\org\awaitility\awaitility\4.2.0\awaitility-4.2.0.jar;C:\Users\meehd\.m2\repository\org\hamcrest\hamcrest\2.2\hamcrest-2.2.jar;C:\Users\meehd\.m2\repository\org\junit\jupiter\junit-jupiter\5.10.2\junit-jupiter-5.10.2.jar;C:\Users\meehd\.m2\repository\org\junit\jupiter\junit-jupiter-api\5.10.2\junit-jupiter-api-5.10.2.jar;C:\Users\meehd\.m2\repository\org\opentest4j\opentest4j\1.3.0\opentest4j-1.3.0.jar;C:\Users\meehd\.m2\repository\org\junit\platform\junit-platform-commons\1.10.2\junit-platform-commons-1.10.2.jar;C:\Users\meehd\.m2\repository\org\apiguardian\apiguardian-api\1.1.2\apiguardian-api-1.1.2.jar;C:\Users\meehd\.m2\repository\org\junit\jupiter\junit-jupiter-params\5.10.2\junit-jupiter-params-5.10.2.jar;C:\Users\meehd\.m2\repository\org\junit\jupiter\junit-jupiter-engine\5.10.2\junit-jupiter-engine-5.10.2.jar;C:\Users\meehd\.m2\repository\org\junit\platform\junit-platform-engine\1.10.2\junit-platform-engine-1.10.2.jar;C:\Users\meehd\.m2\repository\org\mockito\mockito-core\5.7.0\mockito-core-5.7.0.jar;C:\Users\meehd\.m2\repository\net\bytebuddy\byte-buddy-agent\1.14.12\byte-buddy-agent-1.14.12.jar;C:\Users\meehd\.m2\repository\org\objenesis\objenesis\3.3\objenesis-3.3.jar;C:\Users\meehd\.m2\repository\org\mockito\mockito-junit-jupiter\5.7.0\mockito-junit-jupiter-5.7.0.jar;C:\Users\meehd\.m2\repository\org\skyscreamer\jsonassert\1.5.1\jsonassert-1.5.1.jar;C:\Users\meehd\.m2\repository\com\vaadin\external\google\android-json\0.0.20131108.vaadin1\android-json-0.0.20131108.vaadin1.jar;C:\Users\meehd\.m2\repository\org\springframework\spring-core\6.1.4\spring-core-6.1.4.jar;C:\Users\meehd\.m2\repository\org\springframework\spring-jcl\6.1.4\spring-jcl-6.1.4.jar;C:\Users\meehd\.m2\repository\org\springframework\spring-test\6.1.4\spring-test-6.1.4.jar;C:\Users\meehd\.m2\repository\org\xmlunit\xmlunit-core\2.9.1\xmlunit-core-2.9.1.jar;C:\Users\meehd\.m2\repository\org\springframework\security\spring-security-test\6.2.2\spring-security-test-6.2.2.jar;C:\Users\meehd\.m2\repository\org\springframework\security\spring-security-core\6.2.2\spring-security-core-6.2.2.jar;C:\Users\meehd\.m2\repository\org\springframework\security\spring-security-crypto\6.2.2\spring-security-crypto-6.2.2.jar;C:\Users\meehd\.m2\repository\org\springframework\boot\spring-boot-starter-websocket\3.2.3\spring-boot-starter-websocket-3.2.3.jar;C:\Users\meehd\.m2\repository\org\springframework\spring-messaging\6.1.4\spring-messaging-6.1.4.jar;C:\Users\meehd\.m2\repository\org\springframework\spring-websocket\6.1.4\spring-websocket-6.1.4.jar;C:\Users\meehd\.m2\repository\p6spy\p6spy\3.9.1\p6spy-3.9.1.jar;C:\Users\meehd\.m2\repository\org\springframework\boot\spring-boot-starter-actuator\3.2.3\spring-boot-starter-actuator-3.2.3.jar;C:\Users\meehd\.m2\repository\org\springframework\boot\spring-boot-actuator-autoconfigure\3.2.3\spring-boot-actuator-autoconfigure-3.2.3.jar;C:\Users\meehd\.m2\repository\org\springframework\boot\spring-boot-actuator\3.2.3\spring-boot-actuator-3.2.3.jar;C:\Users\meehd\.m2\repository\io\micrometer\micrometer-observation\1.12.3\micrometer-observation-1.12.3.jar;C:\Users\meehd\.m2\repository\io\micrometer\micrometer-commons\1.12.3\micrometer-commons-1.12.3.jar;C:\Users\meehd\.m2\repository\io\micrometer\micrometer-jakarta9\1.12.3\micrometer-jakarta9-1.12.3.jar;C:\Users\meehd\.m2\repository\io\micrometer\micrometer-registry-prometheus\1.12.3\micrometer-registry-prometheus-1.12.3.jar;C:\Users\meehd\.m2\repository\io\micrometer\micrometer-core\1.12.3\micrometer-core-1.12.3.jar;C:\Users\meehd\.m2\repository\org\hdrhistogram\HdrHistogram\2.1.12\HdrHistogram-2.1.12.jar;C:\Users\meehd\.m2\repository\org\latencyutils\LatencyUtils\2.0.3\LatencyUtils-2.0.3.jar;C:\Users\meehd\.m2\repository\io\prometheus\simpleclient_common\0.16.0\simpleclient_common-0.16.0.jar;C:\Users\meehd\.m2\repository\io\prometheus\simpleclient\0.16.0\simpleclient-0.16.0.jar;C:\Users\meehd\.m2\repository\io\prometheus\simpleclient_tracer_otel\0.16.0\simpleclient_tracer_otel-0.16.0.jar;C:\Users\meehd\.m2\repository\io\prometheus\simpleclient_tracer_common\0.16.0\simpleclient_tracer_common-0.16.0.jar;C:\Users\meehd\.m2\repository\io\prometheus\simpleclient_tracer_otel_agent\0.16.0\simpleclient_tracer_otel_agent-0.16.0.jar;C:\Users\meehd\.m2\repository\org\hibernate\orm\hibernate-jcache\6.4.4.Final\hibernate-jcache-6.4.4.Final.jar;C:\Users\meehd\.m2\repository\javax\cache\cache-api\1.1.1\cache-api-1.1.1.jar;C:\Users\meehd\.m2\repository\org\jboss\logging\jboss-logging\3.5.3.Final\jboss-logging-3.5.3.Final.jar;C:\Users\meehd\.m2\repository\org\ehcache\ehcache\3.10.8\ehcache-3.10.8-jakarta.jar;C:\Users\meehd\.m2\repository\org\glassfish\jaxb\jaxb-runtime\4.0.4\jaxb-runtime-4.0.4.jar;C:\Users\meehd\.m2\repository\org\glassfish\jaxb\jaxb-core\4.0.4\jaxb-core-4.0.4.jar;C:\Users\meehd\.m2\repository\org\eclipse\angus\angus-activation\2.0.1\angus-activation-2.0.1.jar;C:\Users\meehd\.m2\repository\org\glassfish\jaxb\txw2\4.0.4\txw2-4.0.4.jar;C:\Users\meehd\.m2\repository\com\sun\istack\istack-commons-runtime\4.1.2\istack-commons-runtime-4.1.2.jar;"/>
    <property name="sun.cpu.endian" value="little"/>
    <property name="user.home" value="C:\Users\meehd"/>
    <property name="user.language" value="en"/>
    <property name="java.specification.vendor" value="Oracle Corporation"/>
    <property name="java.version.date" value="2025-01-21"/>
    <property name="java.home" value="C:\Users\meehd\.jdks\graalvm-jdk-21.0.6"/>
    <property name="file.separator" value="\"/>
    <property name="basedir" value="C:\Users\meehd\OneDrive\Bureau\project idea saas trae"/>
    <property name="java.vm.compressedOopsMode" value="Zero based"/>
    <property name="jdk.internal.vm.ci.enabled" value="true"/>
    <property name="line.separator" value="&#10;"/>
    <property name="java.vm.specification.vendor" value="Oracle Corporation"/>
    <property name="java.specification.name" value="Java Platform API Specification"/>
    <property name="FILE_LOG_CHARSET" value="UTF-8"/>
    <property name="java.awt.headless" value="true"/>
    <property name="surefire.real.class.path" value="C:\Users\meehd\AppData\Local\Temp\surefire3716021654043569847\surefirebooter-20250504192600732_3.jar"/>
    <property name="user.script" value=""/>
    <property name="sun.management.compiler" value="HotSpot 64-Bit Tiered Compilers"/>
    <property name="java.runtime.version" value="21.0.6+8-LTS-jvmci-23.1-b55"/>
    <property name="LOG_CORRELATION_PATTERN" value="%correlationId"/>
    <property name="user.name" value="meehd"/>
    <property name="stdout.encoding" value="Cp1252"/>
    <property name="path.separator" value=";"/>
    <property name="os.version" value="10.0"/>
    <property name="java.runtime.name" value="Java(TM) SE Runtime Environment"/>
    <property name="file.encoding" value="UTF-8"/>
    <property name="FILE_LOG_PATTERN" value="%d{yyyy-MM-dd HH:mm:ss.SSS} [%thread] [%X{traceId:-},%X{spanId:-}] %-5level %logger{36} [%X{correlationId:-}] - %msg%n"/>
    <property name="java.vm.name" value="Java HotSpot(TM) 64-Bit Server VM"/>
    <property name="java.vendor.version" value="Oracle GraalVM 21.0.6+8.1"/>
    <property name="LOG_FILE" value="-./logs/-freelancer-portal.log"/>
    <property name="localRepository" value="C:\Users\meehd\.m2\repository"/>
    <property name="java.vendor.url.bug" value="https://bugreport.java.com/bugreport/"/>
    <property name="java.io.tmpdir" value="C:\Users\meehd\AppData\Local\Temp\"/>
    <property name="idea.version" value="2024.3.5"/>
    <property name="com.zaxxer.hikari.pool_number" value="1"/>
    <property name="java.version" value="21.0.6"/>
    <property name="user.dir" value="C:\Users\meehd\OneDrive\Bureau\project idea saas trae"/>
    <property name="os.arch" value="amd64"/>
    <property name="java.vm.specification.name" value="Java Virtual Machine Specification"/>
    <property name="PID" value="24060"/>
    <property name="sun.os.patch.level" value=""/>
    <property name="CONSOLE_LOG_CHARSET" value="UTF-8"/>
    <property name="LOGBACK_ROLLINGPOLICY_MAX_HISTORY" value="30"/>
    <property name="native.encoding" value="Cp1252"/>
    <property name="java.library.path" value="C:\Users\meehd\.jdks\graalvm-jdk-21.0.6\bin;C:\WINDOWS\Sun\Java\bin;C:\WINDOWS\system32;C:\WINDOWS;c:\Users\meehd\AppData\Local\Programs\cursor\resources\app\bin;C:\Program Files\Google\Chrome\Application;C:\Python313\Scripts\;C:\Python313\;C:\Program Files\Common Files\Oracle\Java\javapath;C:\Program Files (x86)\Intel\Intel(R) Management Engine Components\iCLS\;C:\Program Files\Intel\Intel(R) Management Engine Components\iCLS\;C:\WINDOWS\system32;C:\WINDOWS;C:\WINDOWS\System32\Wbem;C:\WINDOWS\System32\WindowsPowerShell\v1.0\;C:\WINDOWS\System32\OpenSSH\;C:\Program Files (x86)\Intel\Intel(R) Management Engine Components\DAL;C:\Program Files\Intel\Intel(R) Management Engine Components\DAL;C:\Program Files (x86)\Intel\Intel(R) Management Engine Components\IPT;C:\Program Files\Intel\Intel(R) Management Engine Components\IPT;C:\Program Files\Java\jdk-17\bin;C:\Program Files\nodejs\;C:\ProgramData\chocolatey\bin;C:\Program Files\nodejs;C:\Users\meehd\AppData\Local\Microsoft\WindowsApps;C:\Program Files\JetBrains\IntelliJ IDEA 2024.3.3\bin;C:\Users\meehd\AppData\Roaming\npm;c:\Users\meehd\AppData\Local\Program;C:\Program Files\Git\cmd;C:\Program Files\Docker\Docker\resources\bin;C:\Users\meehd\AppData\Local\Microsoft\WindowsApps;;C:\Program Files\JetBrains\IntelliJ IDEA 2024.3.3\bin;;C:\Users\meehd\AppData\Roaming\npm;C:\Users\meehd\AppData\Local\Programs\cursor\resources\app\bin;C:\Users\meehd\AppData\Local\Programs\Microsoft VS Code\bin;C:\Users\meehd\AppData\Local\Programs\Windsurf\bin;."/>
    <property name="java.vm.info" value="mixed mode, sharing"/>
    <property name="stderr.encoding" value="Cp1252"/>
    <property name="java.vendor" value="Oracle Corporation"/>
    <property name="java.vm.version" value="21.0.6+8-LTS-jvmci-23.1-b55"/>
    <property name="sun.io.unicode.encoding" value="UnicodeLittle"/>
    <property name="java.class.version" value="65.0"/>
    <property name="CONSOLE_LOG_PATTERN" value="%d{yyyy-MM-dd HH:mm:ss.SSS} [%thread] [%X{traceId:-},%X{spanId:-}] %-5level %logger{36} [%X{correlationId:-}] - %msg%n"/>
  </properties>
  <testcase name="testMonthlyCalculationPerformance" classname="com.freelancer.portal.performance.DatabasePerformanceTest" time="2.437">
    <system-out><![CDATA[19:26:04.191 [main] INFO org.springframework.test.context.support.AnnotationConfigContextLoaderUtils -- Could not detect default configuration classes for test class [com.freelancer.portal.performance.DatabasePerformanceTest]: DatabasePerformanceTest does not declare any static, non-private, non-final, nested classes annotated with @Configuration.
19:26:04.453 [main] INFO org.springframework.boot.test.context.SpringBootTestContextBootstrapper -- Found @SpringBootConfiguration com.freelancer.portal.ClientPortalApplication for test class com.freelancer.portal.performance.DatabasePerformanceTest

  .   ____          _            __ _ _
 /\\ / ___'_ __ _ _(_)_ __  __ _ \ \ \ \
( ( )\___ | '_ | '_| | '_ \/ _` | \ \ \ \
 \\/  ___)| |_)| | | | | || (_| |  ) ) ) )
  '  |____| .__|_| |_|_| |_\__, | / / / /
 =========|_|==============|___/=/_/_/_/
 :: Spring Boot ::                (v3.2.3)

2025-05-04 19:26:06.214 [main] [,] INFO  c.f.p.p.DatabasePerformanceTest - Starting DatabasePerformanceTest using Java 21.0.6 with PID 24060 (started by meehd in C:\Users\meehd\OneDrive\Bureau\project idea saas trae)
2025-05-04 19:26:06.221 [main] [,] INFO  c.f.p.p.DatabasePerformanceTest - No active profile set, falling back to 1 default profile: "default"
2025-05-04 19:26:08.918 [main] [,] INFO  o.s.d.r.c.RepositoryConfigurationDelegate - Bootstrapping Spring Data JPA repositories in DEFAULT mode.
2025-05-04 19:26:09.487 [main] [,] INFO  o.s.d.r.c.RepositoryConfigurationDelegate - Finished Spring Data repository scanning in 532 ms. Found 12 JPA repository interfaces.
2025-05-04 19:26:14.595 [main] [,] INFO  o.s.o.j.p.SpringPersistenceUnitInfo - No LoadTimeWeaver setup: ignoring JPA class transformer
2025-05-04 19:26:14.651 [main] [,] INFO  com.zaxxer.hikari.HikariDataSource - HikariPool-1 - Starting...
2025-05-04 19:26:15.313 [main] [,] INFO  p6spy - 
=================== P6Spy SQL Execution ===================
Time         : 2025-05-04 19:26:15.312
Elapsed Time : 24ms
Connection ID: 0
Category     : statement
SQL          : 

SELECT 1
==========================================================

2025-05-04 19:26:15.319 [main] [,] INFO  com.zaxxer.hikari.pool.HikariPool - HikariPool-1 - Added connection com.p6spy.engine.wrapper.ConnectionWrapper@43e2b8da
2025-05-04 19:26:15.323 [main] [,] INFO  com.zaxxer.hikari.HikariDataSource - HikariPool-1 - Start completed.
2025-05-04 19:26:15.403 [main] [,] WARN  org.hibernate.orm.deprecation - HHH90000025: MySQL8Dialect does not need to be specified explicitly using 'hibernate.dialect' (remove the property setting and it will be selected by default)
2025-05-04 19:26:15.413 [main] [,] WARN  org.hibernate.orm.deprecation - HHH90000026: MySQL8Dialect has been deprecated; use org.hibernate.dialect.MySQLDialect instead
2025-05-04 19:26:15.456 [main] [,] INFO  p6spy - 
2025-05-04 19:26:16.731 [main] [,] WARN  org.hibernate.orm.cache - HHH90001006: Missing cache[default-update-timestamps-region] was created on-the-fly. The created cache will use a provider-specific default configuration: make sure you defined one. You can disable this warning by setting 'hibernate.javax.cache.missing_cache_strategy' to 'create'.
2025-05-04 19:26:16.896 [main] [,] INFO  org.ehcache.core.EhcacheManager - Cache 'default-update-timestamps-region' created in EhcacheManager.
2025-05-04 19:26:16.917 [main] [,] WARN  org.hibernate.orm.cache - HHH90001006: Missing cache[default-query-results-region] was created on-the-fly. The created cache will use a provider-specific default configuration: make sure you defined one. You can disable this warning by setting 'hibernate.javax.cache.missing_cache_strategy' to 'create'.
2025-05-04 19:26:16.923 [main] [,] INFO  org.ehcache.core.EhcacheManager - Cache 'default-query-results-region' created in EhcacheManager.
2025-05-04 19:26:19.527 [main] [,] INFO  p6spy - 
=================== P6Spy SQL Execution ===================
Time         : 2025-05-04 19:26:19.527
Elapsed Time : 1ms
Connection ID: 0
Category     : statement
SQL          : 

SELECT 1
==========================================================

2025-05-04 19:26:19.532 [main] [,] INFO  p6spy - 
2025-05-04 19:26:19.688 [main] [,] INFO  p6spy - 
=================== P6Spy SQL Execution ===================
Time         : 2025-05-04 19:26:19.688
Elapsed Time : 7ms
Connection ID: 0
Category     : statement
SQL          : 
select * from `freelancer_portal`.`companies` where 1=0
==========================================================

2025-05-04 19:26:19.702 [main] [,] INFO  p6spy - 
=================== P6Spy SQL Execution ===================
Time         : 2025-05-04 19:26:19.702
Elapsed Time : 2ms
Connection ID: 0
Category     : statement
SQL          : 
select * from `freelancer_portal`.`users` where 1=0
==========================================================

2025-05-04 19:26:19.708 [main] [,] INFO  p6spy - 
=================== P6Spy SQL Execution ===================
Time         : 2025-05-04 19:26:19.708
Elapsed Time : 1ms
Connection ID: 0
Category     : statement
SQL          : 
select * from `freelancer_portal`.`users` where 1=0
==========================================================

2025-05-04 19:26:19.735 [main] [,] INFO  p6spy - 
=================== P6Spy SQL Execution ===================
Time         : 2025-05-04 19:26:19.734
Elapsed Time : 2ms
Connection ID: 0
Category     : statement
SQL          : 
select * from `freelancer_portal`.`users` where 1=0
==========================================================

2025-05-04 19:26:19.765 [main] [,] INFO  p6spy - 
=================== P6Spy SQL Execution ===================
Time         : 2025-05-04 19:26:19.765
Elapsed Time : 1ms
Connection ID: 0
Category     : statement
SQL          : 
select * from `freelancer_portal`.`conversations` where 1=0
==========================================================

2025-05-04 19:26:19.770 [main] [,] INFO  p6spy - 
=================== P6Spy SQL Execution ===================
Time         : 2025-05-04 19:26:19.770
Elapsed Time : 1ms
Connection ID: 0
Category     : statement
SQL          : 
select * from `freelancer_portal`.`users` where 1=0
==========================================================

2025-05-04 19:26:19.786 [main] [,] INFO  p6spy - 
=================== P6Spy SQL Execution ===================
Time         : 2025-05-04 19:26:19.786
Elapsed Time : 1ms
Connection ID: 0
Category     : statement
SQL          : 
select * from `freelancer_portal`.`projects` where 1=0
==========================================================

2025-05-04 19:26:19.811 [main] [,] INFO  p6spy - 
=================== P6Spy SQL Execution ===================
Time         : 2025-05-04 19:26:19.810
Elapsed Time : 0ms
Connection ID: 0
Category     : statement
SQL          : 
select * from `freelancer_portal`.`projects` where 1=0
==========================================================

2025-05-04 19:26:19.816 [main] [,] INFO  p6spy - 
=================== P6Spy SQL Execution ===================
Time         : 2025-05-04 19:26:19.816
Elapsed Time : 1ms
Connection ID: 0
Category     : statement
SQL          : 
select * from `freelancer_portal`.`users` where 1=0
==========================================================

2025-05-04 19:26:19.848 [main] [,] INFO  p6spy - 
=================== P6Spy SQL Execution ===================
Time         : 2025-05-04 19:26:19.847
Elapsed Time : 1ms
Connection ID: 0
Category     : statement
SQL          : 
select * from `freelancer_portal`.`invoices` where 1=0
==========================================================

2025-05-04 19:26:19.877 [main] [,] INFO  p6spy - 
=================== P6Spy SQL Execution ===================
Time         : 2025-05-04 19:26:19.877
Elapsed Time : 1ms
Connection ID: 0
Category     : statement
SQL          : 
select * from `freelancer_portal`.`clients` where 1=0
==========================================================

2025-05-04 19:26:19.884 [main] [,] INFO  p6spy - 
=================== P6Spy SQL Execution ===================
Time         : 2025-05-04 19:26:19.884
Elapsed Time : 0ms
Connection ID: 0
Category     : statement
SQL          : 
select * from `freelancer_portal`.`projects` where 1=0
==========================================================

2025-05-04 19:26:19.891 [main] [,] INFO  p6spy - 
=================== P6Spy SQL Execution ===================
Time         : 2025-05-04 19:26:19.891
Elapsed Time : 1ms
Connection ID: 0
Category     : statement
SQL          : 
select * from `freelancer_portal`.`users` where 1=0
==========================================================

2025-05-04 19:26:19.913 [main] [,] INFO  p6spy - 
=================== P6Spy SQL Execution ===================
Time         : 2025-05-04 19:26:19.913
Elapsed Time : 0ms
Connection ID: 0
Category     : statement
SQL          : 
select * from `freelancer_portal`.`conversations` where 1=0
==========================================================

2025-05-04 19:26:19.918 [main] [,] INFO  p6spy - 
=================== P6Spy SQL Execution ===================
Time         : 2025-05-04 19:26:19.918
Elapsed Time : 0ms
Connection ID: 0
Category     : statement
SQL          : 
select * from `freelancer_portal`.`projects` where 1=0
==========================================================

2025-05-04 19:26:19.925 [main] [,] INFO  p6spy - 
=================== P6Spy SQL Execution ===================
Time         : 2025-05-04 19:26:19.925
Elapsed Time : 1ms
Connection ID: 0
Category     : statement
SQL          : 
select * from `freelancer_portal`.`users` where 1=0
==========================================================

2025-05-04 19:26:19.943 [main] [,] INFO  p6spy - 
=================== P6Spy SQL Execution ===================
Time         : 2025-05-04 19:26:19.943
Elapsed Time : 1ms
Connection ID: 0
Category     : statement
SQL          : 
select * from `freelancer_portal`.`users` where 1=0
==========================================================

2025-05-04 19:26:19.966 [main] [,] INFO  p6spy - 
=================== P6Spy SQL Execution ===================
Time         : 2025-05-04 19:26:19.966
Elapsed Time : 0ms
Connection ID: 0
Category     : statement
SQL          : 
select * from `freelancer_portal`.`invoices` where 1=0
==========================================================

2025-05-04 19:26:19.989 [main] [,] INFO  p6spy - 
=================== P6Spy SQL Execution ===================
Time         : 2025-05-04 19:26:19.988
Elapsed Time : 1ms
Connection ID: 0
Category     : statement
SQL          : 
select * from `freelancer_portal`.`clients` where 1=0
==========================================================

2025-05-04 19:26:19.995 [main] [,] INFO  p6spy - 
=================== P6Spy SQL Execution ===================
Time         : 2025-05-04 19:26:19.994
Elapsed Time : 0ms
Connection ID: 0
Category     : statement
SQL          : 
select * from `freelancer_portal`.`users` where 1=0
==========================================================

2025-05-04 19:26:20.010 [main] [,] INFO  p6spy - 
=================== P6Spy SQL Execution ===================
Time         : 2025-05-04 19:26:20.010
Elapsed Time : 0ms
Connection ID: 0
Category     : statement
SQL          : 
select * from `freelancer_portal`.`invoices` where 1=0
==========================================================

2025-05-04 19:26:20.015 [main] [,] INFO  p6spy - 
=================== P6Spy SQL Execution ===================
Time         : 2025-05-04 19:26:20.015
Elapsed Time : 0ms
Connection ID: 0
Category     : statement
SQL          : 
select * from `freelancer_portal`.`projects` where 1=0
==========================================================

2025-05-04 19:26:20.019 [main] [,] INFO  p6spy - 
=================== P6Spy SQL Execution ===================
Time         : 2025-05-04 19:26:20.019
Elapsed Time : 0ms
Connection ID: 0
Category     : statement
SQL          : 
select * from `freelancer_portal`.`users` where 1=0
==========================================================

2025-05-04 19:26:20.024 [main] [,] INFO  o.s.o.j.LocalContainerEntityManagerFactoryBean - Initialized JPA EntityManagerFactory for persistence unit 'default'
2025-05-04 19:26:24.991 [main] [,] INFO  o.s.d.j.r.query.QueryEnhancerFactory - Hibernate is in classpath; If applicable, HQL parser will be used.
2025-05-04 19:26:29.875 [main] [,] INFO  c.f.p.s.impl.FileStorageServiceImpl - File storage initialized at: C:\Users\meehd\OneDrive\Bureau\project idea saas trae\uploads
2025-05-04 19:26:31.311 [main] [,] WARN  o.s.b.a.o.j.JpaBaseConfiguration$JpaWebConfiguration - spring.jpa.open-in-view is enabled by default. Therefore, database queries may be performed during view rendering. Explicitly configure spring.jpa.open-in-view to disable this warning
2025-05-04 19:26:34.363 [main] [,] INFO  o.s.b.a.e.web.EndpointLinksResolver - Exposing 12 endpoint(s) beneath base path '/actuator'
2025-05-04 19:26:34.485 [main] [,] DEBUG c.f.portal.security.SecurityConfig - Configuring security filter chain
2025-05-04 19:26:34.635 [main] [,] INFO  o.s.s.web.DefaultSecurityFilterChain - Will secure any request with [org.springframework.security.web.session.DisableEncodeUrlFilter@31429a0a, org.springframework.security.web.context.request.async.WebAsyncManagerIntegrationFilter@119ec2e4, org.springframework.security.web.context.SecurityContextHolderFilter@54366cf2, org.springframework.security.web.header.HeaderWriterFilter@40b5dbe9, org.springframework.web.filter.CorsFilter@2acf4eed, org.springframework.security.web.authentication.logout.LogoutFilter@53e62429, com.freelancer.portal.security.JwtAuthenticationFilter@62db3787, org.springframework.security.web.savedrequest.RequestCacheAwareFilter@690d8a06, org.springframework.security.web.servletapi.SecurityContextHolderAwareRequestFilter@34beebe0, org.springframework.security.web.authentication.AnonymousAuthenticationFilter@27937c21, org.springframework.security.web.session.SessionManagementFilter@65951393, org.springframework.security.web.access.ExceptionTranslationFilter@ab80f9f, org.springframework.security.web.access.intercept.AuthorizationFilter@28e8c2d6]
2025-05-04 19:26:36.419 [main] [,] INFO  o.s.m.s.b.SimpleBrokerMessageHandler - Starting...
2025-05-04 19:26:36.420 [main] [,] INFO  o.s.m.s.b.SimpleBrokerMessageHandler - BrokerAvailabilityEvent[available=true, SimpleBrokerMessageHandler [org.springframework.messaging.simp.broker.DefaultSubscriptionRegistry@623bafd7]]
2025-05-04 19:26:36.421 [main] [,] INFO  o.s.m.s.b.SimpleBrokerMessageHandler - Started.
2025-05-04 19:26:36.501 [main] [,] INFO  c.f.p.p.DatabasePerformanceTest - Started DatabasePerformanceTest in 31.697 seconds (process running for 35.469)
2025-05-04 19:26:38.023 [main] [,] INFO  p6spy - 
=================== P6Spy SQL Execution ===================
Time         : 2025-05-04 19:26:38.022
Elapsed Time : 1ms
Connection ID: 0
Category     : statement
SQL          : 

SELECT 1
==========================================================

2025-05-04 19:26:38.470 [main] [,] DEBUG org.hibernate.SQL - 
    select
        p1_0.id,
        p1_0.budget,
        p1_0.client_id,
        p1_0.completed_at,
        p1_0.created_at,
        p1_0.description,
        p1_0.end_date,
        p1_0.freelancer_id,
        p1_0.hourly_rate,
        p1_0.name,
        p1_0.start_date,
        p1_0.status,
        p1_0.updated_at 
    from
        projects p1_0 
    limit
        ?, ?
Hibernate: 
    select
        p1_0.id,
        p1_0.budget,
        p1_0.client_id,
        p1_0.completed_at,
        p1_0.created_at,
        p1_0.description,
        p1_0.end_date,
        p1_0.freelancer_id,
        p1_0.hourly_rate,
        p1_0.name,
        p1_0.start_date,
        p1_0.status,
        p1_0.updated_at 
    from
        projects p1_0 
    limit
        ?, ?
2025-05-04 19:26:38.513 [main] [,] INFO  p6spy - 
=================== P6Spy SQL Execution ===================
Time         : 2025-05-04 19:26:38.512
Elapsed Time : 15ms
Connection ID: 0
Category     : statement
SQL          : 
select p1_0.id,p1_0.budget,p1_0.client_id,p1_0.completed_at,p1_0.created_at,p1_0.description,p1_0.end_date,p1_0.freelancer_id,p1_0.hourly_rate,p1_0.name,p1_0.start_date,p1_0.status,p1_0.updated_at from projects p1_0 limit 0,1
==========================================================

2025-05-04 19:26:38.688 [main] [,] DEBUG org.hibernate.SQL - 
    select
        count(p1_0.id) 
    from
        projects p1_0
Hibernate: 
    select
        count(p1_0.id) 
    from
        projects p1_0
2025-05-04 19:26:38.713 [main] [,] INFO  p6spy - 
=================== P6Spy SQL Execution ===================
Time         : 2025-05-04 19:26:38.711
Elapsed Time : 4ms
Connection ID: 0
Category     : statement
SQL          : 
select count(p1_0.id) from projects p1_0
==========================================================

2025-05-04 19:26:38.732 [main] [,] INFO  p6spy - 
2025-05-04 19:26:38.736 [main] [,] WARN  c.f.p.monitoring.QueryTimerAspect - Repository method [$Proxy188.findAll] executed in 753 ms (SLOW)
2025-05-04 19:26:38.893 [main] [,] DEBUG org.hibernate.SQL - 
    select
        coalesce(sum(te1_0.hours), 0) 
    from
        time_entries te1_0 
    where
        te1_0.project_id=? 
        and year(te1_0.created_at)=? 
        and month(te1_0.created_at)=?
Hibernate: 
    select
        coalesce(sum(te1_0.hours), 0) 
    from
        time_entries te1_0 
    where
        te1_0.project_id=? 
        and year(te1_0.created_at)=? 
        and month(te1_0.created_at)=?
2025-05-04 19:26:38.901 [main] [,] INFO  p6spy - 
=================== P6Spy SQL Execution ===================
Time         : 2025-05-04 19:26:38.901
Elapsed Time : 5ms
Connection ID: 0
Category     : statement
SQL          : 
select coalesce(sum(te1_0.hours),0) from time_entries te1_0 where te1_0.project_id=1 and year(te1_0.created_at)=2025 and month(te1_0.created_at)=1
==========================================================

2025-05-04 19:26:38.903 [main] [,] INFO  p6spy - 
Month 1: 0.00 hours
2025-05-04 19:26:38.910 [main] [,] DEBUG org.hibernate.SQL - 
    select
        coalesce(sum(te1_0.hours), 0) 
    from
        time_entries te1_0 
    where
        te1_0.project_id=? 
        and year(te1_0.created_at)=? 
        and month(te1_0.created_at)=?
Hibernate: 
    select
        coalesce(sum(te1_0.hours), 0) 
    from
        time_entries te1_0 
    where
        te1_0.project_id=? 
        and year(te1_0.created_at)=? 
        and month(te1_0.created_at)=?
2025-05-04 19:26:38.912 [main] [,] INFO  p6spy - 
=================== P6Spy SQL Execution ===================
Time         : 2025-05-04 19:26:38.912
Elapsed Time : 1ms
Connection ID: 0
Category     : statement
SQL          : 
select coalesce(sum(te1_0.hours),0) from time_entries te1_0 where te1_0.project_id=1 and year(te1_0.created_at)=2025 and month(te1_0.created_at)=2
==========================================================

2025-05-04 19:26:38.915 [main] [,] INFO  p6spy - 
Month 2: 0.00 hours
2025-05-04 19:26:38.919 [main] [,] DEBUG org.hibernate.SQL - 
    select
        coalesce(sum(te1_0.hours), 0) 
    from
        time_entries te1_0 
    where
        te1_0.project_id=? 
        and year(te1_0.created_at)=? 
        and month(te1_0.created_at)=?
Hibernate: 
    select
        coalesce(sum(te1_0.hours), 0) 
    from
        time_entries te1_0 
    where
        te1_0.project_id=? 
        and year(te1_0.created_at)=? 
        and month(te1_0.created_at)=?
2025-05-04 19:26:38.922 [main] [,] INFO  p6spy - 
=================== P6Spy SQL Execution ===================
Time         : 2025-05-04 19:26:38.921
Elapsed Time : 1ms
Connection ID: 0
Category     : statement
SQL          : 
select coalesce(sum(te1_0.hours),0) from time_entries te1_0 where te1_0.project_id=1 and year(te1_0.created_at)=2025 and month(te1_0.created_at)=3
==========================================================

2025-05-04 19:26:38.923 [main] [,] INFO  p6spy - 
Month 3: 0.00 hours
2025-05-04 19:26:38.927 [main] [,] DEBUG org.hibernate.SQL - 
    select
        coalesce(sum(te1_0.hours), 0) 
    from
        time_entries te1_0 
    where
        te1_0.project_id=? 
        and year(te1_0.created_at)=? 
        and month(te1_0.created_at)=?
Hibernate: 
    select
        coalesce(sum(te1_0.hours), 0) 
    from
        time_entries te1_0 
    where
        te1_0.project_id=? 
        and year(te1_0.created_at)=? 
        and month(te1_0.created_at)=?
2025-05-04 19:26:38.936 [main] [,] INFO  p6spy - 
=================== P6Spy SQL Execution ===================
Time         : 2025-05-04 19:26:38.936
Elapsed Time : 3ms
Connection ID: 0
Category     : statement
SQL          : 
select coalesce(sum(te1_0.hours),0) from time_entries te1_0 where te1_0.project_id=1 and year(te1_0.created_at)=2025 and month(te1_0.created_at)=4
==========================================================

2025-05-04 19:26:38.939 [main] [,] INFO  p6spy - 
Month 4: 0.00 hours
2025-05-04 19:26:38.943 [main] [,] DEBUG org.hibernate.SQL - 
    select
        coalesce(sum(te1_0.hours), 0) 
    from
        time_entries te1_0 
    where
        te1_0.project_id=? 
        and year(te1_0.created_at)=? 
        and month(te1_0.created_at)=?
Hibernate: 
    select
        coalesce(sum(te1_0.hours), 0) 
    from
        time_entries te1_0 
    where
        te1_0.project_id=? 
        and year(te1_0.created_at)=? 
        and month(te1_0.created_at)=?
2025-05-04 19:26:38.946 [main] [,] INFO  p6spy - 
=================== P6Spy SQL Execution ===================
Time         : 2025-05-04 19:26:38.946
Elapsed Time : 1ms
Connection ID: 0
Category     : statement
SQL          : 
select coalesce(sum(te1_0.hours),0) from time_entries te1_0 where te1_0.project_id=1 and year(te1_0.created_at)=2025 and month(te1_0.created_at)=5
==========================================================

2025-05-04 19:26:38.948 [main] [,] INFO  p6spy - 
Month 5: 54.10 hours
2025-05-04 19:26:38.951 [main] [,] DEBUG org.hibernate.SQL - 
    select
        coalesce(sum(te1_0.hours), 0) 
    from
        time_entries te1_0 
    where
        te1_0.project_id=? 
        and year(te1_0.created_at)=? 
        and month(te1_0.created_at)=?
Hibernate: 
    select
        coalesce(sum(te1_0.hours), 0) 
    from
        time_entries te1_0 
    where
        te1_0.project_id=? 
        and year(te1_0.created_at)=? 
        and month(te1_0.created_at)=?
2025-05-04 19:26:38.954 [main] [,] INFO  p6spy - 
=================== P6Spy SQL Execution ===================
Time         : 2025-05-04 19:26:38.954
Elapsed Time : 1ms
Connection ID: 0
Category     : statement
SQL          : 
select coalesce(sum(te1_0.hours),0) from time_entries te1_0 where te1_0.project_id=1 and year(te1_0.created_at)=2025 and month(te1_0.created_at)=6
==========================================================

2025-05-04 19:26:38.956 [main] [,] INFO  p6spy - 
Month 6: 0.00 hours
2025-05-04 19:26:38.961 [main] [,] DEBUG org.hibernate.SQL - 
    select
        coalesce(sum(te1_0.hours), 0) 
    from
        time_entries te1_0 
    where
        te1_0.project_id=? 
        and year(te1_0.created_at)=? 
        and month(te1_0.created_at)=?
Hibernate: 
    select
        coalesce(sum(te1_0.hours), 0) 
    from
        time_entries te1_0 
    where
        te1_0.project_id=? 
        and year(te1_0.created_at)=? 
        and month(te1_0.created_at)=?
2025-05-04 19:26:38.967 [main] [,] INFO  p6spy - 
=================== P6Spy SQL Execution ===================
Time         : 2025-05-04 19:26:38.967
Elapsed Time : 2ms
Connection ID: 0
Category     : statement
SQL          : 
select coalesce(sum(te1_0.hours),0) from time_entries te1_0 where te1_0.project_id=1 and year(te1_0.created_at)=2025 and month(te1_0.created_at)=7
==========================================================

2025-05-04 19:26:38.969 [main] [,] INFO  p6spy - 
Month 7: 0.00 hours
2025-05-04 19:26:38.980 [main] [,] DEBUG org.hibernate.SQL - 
    select
        coalesce(sum(te1_0.hours), 0) 
    from
        time_entries te1_0 
    where
        te1_0.project_id=? 
        and year(te1_0.created_at)=? 
        and month(te1_0.created_at)=?
Hibernate: 
    select
        coalesce(sum(te1_0.hours), 0) 
    from
        time_entries te1_0 
    where
        te1_0.project_id=? 
        and year(te1_0.created_at)=? 
        and month(te1_0.created_at)=?
2025-05-04 19:26:38.982 [main] [,] INFO  p6spy - 
=================== P6Spy SQL Execution ===================
Time         : 2025-05-04 19:26:38.982
Elapsed Time : 1ms
Connection ID: 0
Category     : statement
SQL          : 
select coalesce(sum(te1_0.hours),0) from time_entries te1_0 where te1_0.project_id=1 and year(te1_0.created_at)=2025 and month(te1_0.created_at)=8
==========================================================

2025-05-04 19:26:38.985 [main] [,] INFO  p6spy - 
Month 8: 0.00 hours
2025-05-04 19:26:38.993 [main] [,] DEBUG org.hibernate.SQL - 
    select
        coalesce(sum(te1_0.hours), 0) 
    from
        time_entries te1_0 
    where
        te1_0.project_id=? 
        and year(te1_0.created_at)=? 
        and month(te1_0.created_at)=?
Hibernate: 
    select
        coalesce(sum(te1_0.hours), 0) 
    from
        time_entries te1_0 
    where
        te1_0.project_id=? 
        and year(te1_0.created_at)=? 
        and month(te1_0.created_at)=?
2025-05-04 19:26:38.996 [main] [,] INFO  p6spy - 
=================== P6Spy SQL Execution ===================
Time         : 2025-05-04 19:26:38.995
Elapsed Time : 1ms
Connection ID: 0
Category     : statement
SQL          : 
select coalesce(sum(te1_0.hours),0) from time_entries te1_0 where te1_0.project_id=1 and year(te1_0.created_at)=2025 and month(te1_0.created_at)=9
==========================================================

2025-05-04 19:26:38.999 [main] [,] INFO  p6spy - 
Month 9: 0.00 hours
2025-05-04 19:26:39.002 [main] [,] DEBUG org.hibernate.SQL - 
    select
        coalesce(sum(te1_0.hours), 0) 
    from
        time_entries te1_0 
    where
        te1_0.project_id=? 
        and year(te1_0.created_at)=? 
        and month(te1_0.created_at)=?
Hibernate: 
    select
        coalesce(sum(te1_0.hours), 0) 
    from
        time_entries te1_0 
    where
        te1_0.project_id=? 
        and year(te1_0.created_at)=? 
        and month(te1_0.created_at)=?
2025-05-04 19:26:39.005 [main] [,] INFO  p6spy - 
=================== P6Spy SQL Execution ===================
Time         : 2025-05-04 19:26:39.005
Elapsed Time : 1ms
Connection ID: 0
Category     : statement
SQL          : 
select coalesce(sum(te1_0.hours),0) from time_entries te1_0 where te1_0.project_id=1 and year(te1_0.created_at)=2025 and month(te1_0.created_at)=10
==========================================================

2025-05-04 19:26:39.007 [main] [,] INFO  p6spy - 
Month 10: 0.00 hours
2025-05-04 19:26:39.011 [main] [,] DEBUG org.hibernate.SQL - 
    select
        coalesce(sum(te1_0.hours), 0) 
    from
        time_entries te1_0 
    where
        te1_0.project_id=? 
        and year(te1_0.created_at)=? 
        and month(te1_0.created_at)=?
Hibernate: 
    select
        coalesce(sum(te1_0.hours), 0) 
    from
        time_entries te1_0 
    where
        te1_0.project_id=? 
        and year(te1_0.created_at)=? 
        and month(te1_0.created_at)=?
2025-05-04 19:26:39.015 [main] [,] INFO  p6spy - 
=================== P6Spy SQL Execution ===================
Time         : 2025-05-04 19:26:39.015
Elapsed Time : 2ms
Connection ID: 0
Category     : statement
SQL          : 
select coalesce(sum(te1_0.hours),0) from time_entries te1_0 where te1_0.project_id=1 and year(te1_0.created_at)=2025 and month(te1_0.created_at)=11
==========================================================

2025-05-04 19:26:39.016 [main] [,] INFO  p6spy - 
Month 11: 0.00 hours
2025-05-04 19:26:39.019 [main] [,] DEBUG org.hibernate.SQL - 
    select
        coalesce(sum(te1_0.hours), 0) 
    from
        time_entries te1_0 
    where
        te1_0.project_id=? 
        and year(te1_0.created_at)=? 
        and month(te1_0.created_at)=?
Hibernate: 
    select
        coalesce(sum(te1_0.hours), 0) 
    from
        time_entries te1_0 
    where
        te1_0.project_id=? 
        and year(te1_0.created_at)=? 
        and month(te1_0.created_at)=?
2025-05-04 19:26:39.022 [main] [,] INFO  p6spy - 
=================== P6Spy SQL Execution ===================
Time         : 2025-05-04 19:26:39.022
Elapsed Time : 1ms
Connection ID: 0
Category     : statement
SQL          : 
select coalesce(sum(te1_0.hours),0) from time_entries te1_0 where te1_0.project_id=1 and year(te1_0.created_at)=2025 and month(te1_0.created_at)=12
==========================================================

2025-05-04 19:26:39.025 [main] [,] INFO  p6spy - 
Month 12: 0.00 hours
Monthly calculation execution time: 289 ms
]]></system-out>
    <system-err><![CDATA[WARNING: A Java agent has been loaded dynamically (C:\Users\meehd\.m2\repository\net\bytebuddy\byte-buddy-agent\1.14.12\byte-buddy-agent-1.14.12.jar)
WARNING: If a serviceability tool is in use, please run with -XX:+EnableDynamicAgentLoading to hide this warning
WARNING: If a serviceability tool is not in use, please run with -Djdk.instrument.traceUsage for more information
WARNING: Dynamic loading of agents will be disallowed by default in a future release
]]></system-err>
  </testcase>
  <testcase name="testTimeEntryQueryPerformance" classname="com.freelancer.portal.performance.DatabasePerformanceTest" time="0.098">
    <system-out><![CDATA[2025-05-04 19:26:39.133 [main] [,] DEBUG org.hibernate.SQL - 
    select
        te1_0.id,
        te1_0.is_billable,
        te1_0.is_billed,
        te1_0.created_at,
        te1_0.description,
        te1_0.duration_seconds,
        te1_0.end_time,
        te1_0.hours,
        te1_0.invoice_id,
        te1_0.project_id,
        te1_0.start_time,
        te1_0.updated_at,
        te1_0.user_id 
    from
        time_entries te1_0 
    where
        te1_0.start_time between ? and ? 
        and te1_0.is_billable=? 
        and te1_0.is_billed=? 
    order by
        te1_0.start_time desc 
    limit
        ?, ?
Hibernate: 
    select
        te1_0.id,
        te1_0.is_billable,
        te1_0.is_billed,
        te1_0.created_at,
        te1_0.description,
        te1_0.duration_seconds,
        te1_0.end_time,
        te1_0.hours,
        te1_0.invoice_id,
        te1_0.project_id,
        te1_0.start_time,
        te1_0.updated_at,
        te1_0.user_id 
    from
        time_entries te1_0 
    where
        te1_0.start_time between ? and ? 
        and te1_0.is_billable=? 
        and te1_0.is_billed=? 
    order by
        te1_0.start_time desc 
    limit
        ?, ?
2025-05-04 19:26:39.156 [main] [,] INFO  p6spy - 
=================== P6Spy SQL Execution ===================
Time         : 2025-05-04 19:26:39.156
Elapsed Time : 13ms
Connection ID: 0
Category     : statement
SQL          : 
select te1_0.id,te1_0.is_billable,te1_0.is_billed,te1_0.created_at,te1_0.description,te1_0.duration_seconds,te1_0.end_time,te1_0.hours,te1_0.invoice_id,te1_0.project_id,te1_0.start_time,te1_0.updated_at,te1_0.user_id from time_entries te1_0 where te1_0.start_time between '2025-01-01T00:00:00.000+0100' and '2025-01-31T23:59:59.999+0100' and te1_0.is_billable=true and te1_0.is_billed=false order by te1_0.start_time desc limit 0,50
==========================================================

2025-05-04 19:26:39.161 [main] [,] INFO  p6spy - 
Time entry query execution time: 63 ms
]]></system-out>
  </testcase>
  <testcase name="testInvoiceQueryPerformance" classname="com.freelancer.portal.performance.DatabasePerformanceTest" time="0.166">
    <system-out><![CDATA[2025-05-04 19:26:39.219 [main] [,] DEBUG org.hibernate.SQL - 
    select
        i1_0.id,
        i1_0.amount,
        i1_0.amount_due,
        i1_0.amount_paid,
        i1_0.client_id,
        i1_0.created_at,
        i1_0.currency,
        i1_0.description,
        i1_0.discount,
        i1_0.due_date,
        i1_0.freelancer_id,
        i1_0.invoice_number,
        i1_0.issue_date,
        i1_0.notes,
        i1_0.paid_date,
        i1_0.payment_method,
        i1_0.project_id,
        i1_0.sent_date,
        i1_0.status,
        i1_0.subtotal,
        i1_0.tax_amount,
        i1_0.tax_rate,
        i1_0.updated_at 
    from
        invoices i1_0 
    where
        i1_0.due_date<? 
        and i1_0.status<>? 
        and i1_0.status<>? 
        and i1_0.amount>=? 
    order by
        i1_0.issue_date desc 
    limit
        ?, ?
Hibernate: 
    select
        i1_0.id,
        i1_0.amount,
        i1_0.amount_due,
        i1_0.amount_paid,
        i1_0.client_id,
        i1_0.created_at,
        i1_0.currency,
        i1_0.description,
        i1_0.discount,
        i1_0.due_date,
        i1_0.freelancer_id,
        i1_0.invoice_number,
        i1_0.issue_date,
        i1_0.notes,
        i1_0.paid_date,
        i1_0.payment_method,
        i1_0.project_id,
        i1_0.sent_date,
        i1_0.status,
        i1_0.subtotal,
        i1_0.tax_amount,
        i1_0.tax_rate,
        i1_0.updated_at 
    from
        invoices i1_0 
    where
        i1_0.due_date<? 
        and i1_0.status<>? 
        and i1_0.status<>? 
        and i1_0.amount>=? 
    order by
        i1_0.issue_date desc 
    limit
        ?, ?
2025-05-04 19:26:39.231 [main] [,] INFO  p6spy - 
=================== P6Spy SQL Execution ===================
Time         : 2025-05-04 19:26:39.231
Elapsed Time : 5ms
Connection ID: 0
Category     : statement
SQL          : 
select i1_0.id,i1_0.amount,i1_0.amount_due,i1_0.amount_paid,i1_0.client_id,i1_0.created_at,i1_0.currency,i1_0.description,i1_0.discount,i1_0.due_date,i1_0.freelancer_id,i1_0.invoice_number,i1_0.issue_date,i1_0.notes,i1_0.paid_date,i1_0.payment_method,i1_0.project_id,i1_0.sent_date,i1_0.status,i1_0.subtotal,i1_0.tax_amount,i1_0.tax_rate,i1_0.updated_at from invoices i1_0 where i1_0.due_date<'2025-05-04T00:00:00.000+0100' and i1_0.status<>'PAID' and i1_0.status<>'CANCELLED' and i1_0.amount>=100.00 order by i1_0.issue_date desc limit 0,20
==========================================================

2025-05-04 19:26:39.234 [main] [,] INFO  p6spy - 
Invoice query execution time: 30 ms
2025-05-04 19:26:39.337 [main] [,] DEBUG org.hibernate.SQL - 
    select
        i1_0.id,
        i1_0.amount,
        i1_0.amount_due,
        i1_0.amount_paid,
        i1_0.client_id,
        c1_0.id,
        c1_0.address,
        c1_0.city,
        c1_0.company_id,
        c1_0.country,
        c1_0.created_at,
        c1_0.currency,
        c1_0.email,
        c1_0.freelancer_id,
        c1_0.name,
        c1_0.notes,
        c1_0.phone,
        c1_0.postal_code,
        c1_0.state,
        c1_0.updated_at,
        c1_0.user_id,
        c1_0.website,
        i1_0.created_at,
        i1_0.currency,
        i1_0.description,
        i1_0.discount,
        i1_0.due_date,
        i1_0.freelancer_id,
        i1_0.invoice_number,
        i1_0.issue_date,
        i1_0.notes,
        i1_0.paid_date,
        i1_0.payment_method,
        i1_0.project_id,
        i1_0.sent_date,
        i1_0.status,
        i1_0.subtotal,
        i1_0.tax_amount,
        i1_0.tax_rate,
        i1_0.updated_at 
    from
        invoices i1_0 
    join
        clients c1_0 
            on c1_0.id=i1_0.client_id 
    where
        i1_0.status not in ('PAID', 'CANCELLED') 
        and i1_0.due_date<current_date
Hibernate: 
    select
        i1_0.id,
        i1_0.amount,
        i1_0.amount_due,
        i1_0.amount_paid,
        i1_0.client_id,
        c1_0.id,
        c1_0.address,
        c1_0.city,
        c1_0.company_id,
        c1_0.country,
        c1_0.created_at,
        c1_0.currency,
        c1_0.email,
        c1_0.freelancer_id,
        c1_0.name,
        c1_0.notes,
        c1_0.phone,
        c1_0.postal_code,
        c1_0.state,
        c1_0.updated_at,
        c1_0.user_id,
        c1_0.website,
        i1_0.created_at,
        i1_0.currency,
        i1_0.description,
        i1_0.discount,
        i1_0.due_date,
        i1_0.freelancer_id,
        i1_0.invoice_number,
        i1_0.issue_date,
        i1_0.notes,
        i1_0.paid_date,
        i1_0.payment_method,
        i1_0.project_id,
        i1_0.sent_date,
        i1_0.status,
        i1_0.subtotal,
        i1_0.tax_amount,
        i1_0.tax_rate,
        i1_0.updated_at 
    from
        invoices i1_0 
    join
        clients c1_0 
            on c1_0.id=i1_0.client_id 
    where
        i1_0.status not in ('PAID', 'CANCELLED') 
        and i1_0.due_date<current_date
2025-05-04 19:26:39.343 [main] [,] INFO  p6spy - 
=================== P6Spy SQL Execution ===================
Time         : 2025-05-04 19:26:39.342
Elapsed Time : 1ms
Connection ID: 0
Category     : statement
SQL          : 
select i1_0.id,i1_0.amount,i1_0.amount_due,i1_0.amount_paid,i1_0.client_id,c1_0.id,c1_0.address,c1_0.city,c1_0.company_id,c1_0.country,c1_0.created_at,c1_0.currency,c1_0.email,c1_0.freelancer_id,c1_0.name,c1_0.notes,c1_0.phone,c1_0.postal_code,c1_0.state,c1_0.updated_at,c1_0.user_id,c1_0.website,i1_0.created_at,i1_0.currency,i1_0.description,i1_0.discount,i1_0.due_date,i1_0.freelancer_id,i1_0.invoice_number,i1_0.issue_date,i1_0.notes,i1_0.paid_date,i1_0.payment_method,i1_0.project_id,i1_0.sent_date,i1_0.status,i1_0.subtotal,i1_0.tax_amount,i1_0.tax_rate,i1_0.updated_at from invoices i1_0 join clients c1_0 on c1_0.id=i1_0.client_id where i1_0.status not in ('PAID','CANCELLED') and i1_0.due_date<current_date
==========================================================

2025-05-04 19:26:39.344 [main] [,] INFO  p6spy - 
Optimized overdue query execution time: 111 ms
]]></system-out>
  </testcase>
  <testcase name="testCalculationQueryPerformance" classname="com.freelancer.portal.performance.DatabasePerformanceTest" time="0.274">
    <system-out><![CDATA[2025-05-04 19:26:39.501 [main] [,] DEBUG org.hibernate.SQL - 
    select
        p1_0.id,
        p1_0.budget,
        p1_0.client_id,
        p1_0.completed_at,
        p1_0.created_at,
        p1_0.description,
        p1_0.end_date,
        p1_0.freelancer_id,
        p1_0.hourly_rate,
        p1_0.name,
        p1_0.start_date,
        p1_0.status,
        p1_0.updated_at 
    from
        projects p1_0 
    limit
        ?, ?
Hibernate: 
    select
        p1_0.id,
        p1_0.budget,
        p1_0.client_id,
        p1_0.completed_at,
        p1_0.created_at,
        p1_0.description,
        p1_0.end_date,
        p1_0.freelancer_id,
        p1_0.hourly_rate,
        p1_0.name,
        p1_0.start_date,
        p1_0.status,
        p1_0.updated_at 
    from
        projects p1_0 
    limit
        ?, ?
2025-05-04 19:26:39.504 [main] [,] INFO  p6spy - 
=================== P6Spy SQL Execution ===================
Time         : 2025-05-04 19:26:39.504
Elapsed Time : 1ms
Connection ID: 0
Category     : statement
SQL          : 
select p1_0.id,p1_0.budget,p1_0.client_id,p1_0.completed_at,p1_0.created_at,p1_0.description,p1_0.end_date,p1_0.freelancer_id,p1_0.hourly_rate,p1_0.name,p1_0.start_date,p1_0.status,p1_0.updated_at from projects p1_0 limit 0,1
==========================================================

2025-05-04 19:26:39.512 [main] [,] DEBUG org.hibernate.SQL - 
    select
        count(p1_0.id) 
    from
        projects p1_0
Hibernate: 
    select
        count(p1_0.id) 
    from
        projects p1_0
2025-05-04 19:26:39.517 [main] [,] INFO  p6spy - 
=================== P6Spy SQL Execution ===================
Time         : 2025-05-04 19:26:39.517
Elapsed Time : 1ms
Connection ID: 0
Category     : statement
SQL          : 
select count(p1_0.id) from projects p1_0
==========================================================

2025-05-04 19:26:39.521 [main] [,] INFO  p6spy - 
2025-05-04 19:26:39.532 [main] [,] DEBUG org.hibernate.SQL - 
    select
        coalesce(sum(te1_0.hours), 0) 
    from
        time_entries te1_0 
    where
        te1_0.project_id=?
Hibernate: 
    select
        coalesce(sum(te1_0.hours), 0) 
    from
        time_entries te1_0 
    where
        te1_0.project_id=?
2025-05-04 19:26:39.536 [main] [,] INFO  p6spy - 
=================== P6Spy SQL Execution ===================
Time         : 2025-05-04 19:26:39.536
Elapsed Time : 1ms
Connection ID: 0
Category     : statement
SQL          : 
select coalesce(sum(te1_0.hours),0) from time_entries te1_0 where te1_0.project_id=1
==========================================================

2025-05-04 19:26:39.540 [main] [,] INFO  p6spy - 
2025-05-04 19:26:39.549 [main] [,] DEBUG org.hibernate.SQL - 
    select
        coalesce(sum(te1_0.hours), 0) 
    from
        time_entries te1_0 
    where
        te1_0.project_id=? 
        and te1_0.is_billable=1
Hibernate: 
    select
        coalesce(sum(te1_0.hours), 0) 
    from
        time_entries te1_0 
    where
        te1_0.project_id=? 
        and te1_0.is_billable=1
2025-05-04 19:26:39.553 [main] [,] INFO  p6spy - 
=================== P6Spy SQL Execution ===================
Time         : 2025-05-04 19:26:39.552
Elapsed Time : 1ms
Connection ID: 0
Category     : statement
SQL          : 
select coalesce(sum(te1_0.hours),0) from time_entries te1_0 where te1_0.project_id=1 and te1_0.is_billable=1
==========================================================

2025-05-04 19:26:39.554 [main] [,] INFO  p6spy - 
2025-05-04 19:26:39.577 [main] [,] DEBUG org.hibernate.SQL - 
    select
        coalesce(sum(te1_0.hours), 0) 
    from
        time_entries te1_0 
    where
        te1_0.project_id=? 
        and te1_0.is_billed=1
Hibernate: 
    select
        coalesce(sum(te1_0.hours), 0) 
    from
        time_entries te1_0 
    where
        te1_0.project_id=? 
        and te1_0.is_billed=1
2025-05-04 19:26:39.587 [main] [,] INFO  p6spy - 
=================== P6Spy SQL Execution ===================
Time         : 2025-05-04 19:26:39.587
Elapsed Time : 1ms
Connection ID: 0
Category     : statement
SQL          : 
select coalesce(sum(te1_0.hours),0) from time_entries te1_0 where te1_0.project_id=1 and te1_0.is_billed=1
==========================================================

2025-05-04 19:26:39.592 [main] [,] INFO  p6spy - 
2025-05-04 19:26:39.598 [main] [,] DEBUG org.hibernate.SQL - 
    select
        coalesce(sum(te1_0.hours), 0) 
    from
        time_entries te1_0 
    where
        te1_0.project_id=? 
        and te1_0.is_billable=1 
        and te1_0.is_billed=0
Hibernate: 
    select
        coalesce(sum(te1_0.hours), 0) 
    from
        time_entries te1_0 
    where
        te1_0.project_id=? 
        and te1_0.is_billable=1 
        and te1_0.is_billed=0
2025-05-04 19:26:39.603 [main] [,] INFO  p6spy - 
=================== P6Spy SQL Execution ===================
Time         : 2025-05-04 19:26:39.603
Elapsed Time : 4ms
Connection ID: 0
Category     : statement
SQL          : 
select coalesce(sum(te1_0.hours),0) from time_entries te1_0 where te1_0.project_id=1 and te1_0.is_billable=1 and te1_0.is_billed=0
==========================================================

2025-05-04 19:26:39.608 [main] [,] INFO  p6spy - 
Calculation query execution time: 90 ms
Total hours: 54.1
Billable hours: 54.1
Billed hours: 0.0
Unbilled hours: 54.1
]]></system-out>
  </testcase>
  <testcase name="testPaymentJoinQueryPerformance" classname="com.freelancer.portal.performance.DatabasePerformanceTest" time="0.116">
    <system-out><![CDATA[2025-05-04 19:26:39.677 [main] [,] DEBUG org.hibernate.SQL - 
    select
        p1_0.id,
        p1_0.budget,
        p1_0.client_id,
        p1_0.completed_at,
        p1_0.created_at,
        p1_0.description,
        p1_0.end_date,
        p1_0.freelancer_id,
        p1_0.hourly_rate,
        p1_0.name,
        p1_0.start_date,
        p1_0.status,
        p1_0.updated_at 
    from
        projects p1_0 
    limit
        ?, ?
Hibernate: 
    select
        p1_0.id,
        p1_0.budget,
        p1_0.client_id,
        p1_0.completed_at,
        p1_0.created_at,
        p1_0.description,
        p1_0.end_date,
        p1_0.freelancer_id,
        p1_0.hourly_rate,
        p1_0.name,
        p1_0.start_date,
        p1_0.status,
        p1_0.updated_at 
    from
        projects p1_0 
    limit
        ?, ?
2025-05-04 19:26:39.680 [main] [,] INFO  p6spy - 
=================== P6Spy SQL Execution ===================
Time         : 2025-05-04 19:26:39.680
Elapsed Time : 1ms
Connection ID: 0
Category     : statement
SQL          : 
select p1_0.id,p1_0.budget,p1_0.client_id,p1_0.completed_at,p1_0.created_at,p1_0.description,p1_0.end_date,p1_0.freelancer_id,p1_0.hourly_rate,p1_0.name,p1_0.start_date,p1_0.status,p1_0.updated_at from projects p1_0 limit 0,1
==========================================================

2025-05-04 19:26:39.696 [main] [,] DEBUG org.hibernate.SQL - 
    select
        count(p1_0.id) 
    from
        projects p1_0
Hibernate: 
    select
        count(p1_0.id) 
    from
        projects p1_0
2025-05-04 19:26:39.711 [main] [,] INFO  p6spy - 
=================== P6Spy SQL Execution ===================
Time         : 2025-05-04 19:26:39.709
Elapsed Time : 1ms
Connection ID: 0
Category     : statement
SQL          : 
select count(p1_0.id) from projects p1_0
==========================================================

2025-05-04 19:26:39.714 [main] [,] INFO  p6spy - 
2025-05-04 19:26:39.726 [main] [,] DEBUG org.hibernate.SQL - 
    select
        coalesce(sum(p1_0.amount), 0) 
    from
        payments p1_0 
    join
        invoices i1_0 
            on i1_0.id=p1_0.invoice_id 
    where
        i1_0.project_id=?
Hibernate: 
    select
        coalesce(sum(p1_0.amount), 0) 
    from
        payments p1_0 
    join
        invoices i1_0 
            on i1_0.id=p1_0.invoice_id 
    where
        i1_0.project_id=?
2025-05-04 19:26:39.759 [main] [,] INFO  p6spy - 
=================== P6Spy SQL Execution ===================
Time         : 2025-05-04 19:26:39.759
Elapsed Time : 12ms
Connection ID: 0
Category     : statement
SQL          : 
select coalesce(sum(p1_0.amount),0) from payments p1_0 join invoices i1_0 on i1_0.id=p1_0.invoice_id where i1_0.project_id=1
==========================================================

2025-05-04 19:26:39.763 [main] [,] INFO  p6spy - 
Join query execution time: 48 ms
]]></system-out>
  </testcase>
</testsuite>